<?xml version='1.0' encoding='UTF-8' ?>
<testsuite name="com.example.myandroidproject.ExampleInstrumentedTest" tests="1" failures="0" errors="0" skipped="0" time="4.395" timestamp="2024-03-07T01:19:26" hostname="localhost">
  <properties>
    <property name="device" value="SM-A307GN - 11" />
    <property name="flavor" value="" />
    <property name="project" value=":app" />
  </properties>
  <testcase name="useAppContext" classname="com.example.myandroidproject.ExampleInstrumentedTest" time="0.013" />
</testsuite>